<?xml version="1.0" encoding="UTF-8"?>
<testsuite xmlns:xsi="http://www.w3.org/2001/XMLSchema-instance" xsi:noNamespaceSchemaLocation="https://maven.apache.org/surefire/maven-surefire-plugin/xsd/surefire-test-report.xsd" name="fr.dauphine.ja.levyjeancharles.td00.GreetingControllerTest" time="0.516" tests="1" errors="0" skipped="0" failures="0">
  <properties>
[...]
</properties>
  <testcase name="greeting" classname="fr.dauphine.ja.levyjeancharles.td00.GreetingControllerTest" time="0.437"/>
</testsuite>